#
# A fatal error has been detected by the Java Runtime Environment:
#
#  EXCEPTION_ACCESS_VIOLATION (0xc0000005) at pc=0x0000023200a60de3, pid=2028, tid=14200
#
# JRE version: Java(TM) SE Runtime Environment (17.0.5+9) (build 17.0.5+9-LTS-191)
# Java VM: Java HotSpot(TM) 64-Bit Server VM (17.0.5+9-LTS-191, mixed mode, sharing, tiered, compressed oops, compressed class ptrs, g1 gc, windows-amd64)
# Problematic frame:
# J 2294 c1 org.springframework.boot.context.properties.source.ConfigurationPropertyName.elementEquals(Lorg/springframework/boot/context/properties/source/ConfigurationPropertyName$Elements;Lorg/springframework/boot/context/properties/source/ConfigurationPropertyName$Elements;I)Z (208 bytes) @ 0x0000023200a60de3 [0x0000023200a60380+0x0000000000000a63]
#
# No core dump will be written. Minidumps are not enabled by default on client versions of Windows
#
# If you would like to submit a bug report, please visit:
#   https://bugreport.java.com/bugreport/crash.jsp
#

---------------  S U M M A R Y ------------

Command Line: -javaagent:C:\Program Files\JetBrains\IntelliJ IDEA Community Edition 2022.3.1\lib\idea_rt.jar=56381:C:\Program Files\JetBrains\IntelliJ IDEA Community Edition 2022.3.1\bin -Dfile.encoding=UTF-8 com.Alexandre.ApiVendas.ApiVendasApplication

Host: AMD Ryzen 5 1600 Six-Core Processor            , 12 cores, 15G,  Windows 10 , 64 bit Build 19041 (10.0.19041.2546)
Time: Thu Feb 23 20:02:21 2023 Hora oficial do Brasil elapsed time: 3.220950 seconds (0d 0h 0m 3s)

---------------  T H R E A D  ---------------

Current thread (0x000002321963dad0):  JavaThread "restartedMain" [_thread_in_Java, id=14200, stack(0x000000efeb500000,0x000000efeb600000)]

Stack: [0x000000efeb500000,0x000000efeb600000],  sp=0x000000efeb5fb830,  free space=1006k
Native frames: (J=compiled Java code, j=interpreted, Vv=VM code, C=native code)
C  0x0000023200a60de3


siginfo: EXCEPTION_ACCESS_VIOLATION (0xc0000005), reading address 0xffffffffffffffff


Register to memory mapping:

RIP=0x0000023200a60de3 is at entry_point+2659 in (nmethod*)0x0000023200a60010
RAX=0x0000000000000067 is an unknown value
RBX=0x0000000000001549 is an unknown value
RCX=0x00000232187cb958 is pointing into metadata
RDX=0x0 is NULL
RSP=0x000000efeb5fb830 is pointing into the stack for thread: 0x000002321963dad0
RBP=0x000000efeb5fba78 is pointing into the stack for thread: 0x000002321963dad0
RSI=0x0000023218714a98 is pointing into metadata
RDI=0x0000000000000120 is an unknown value
R8 =0x0000000000000067 is an unknown value
R9 =0x0 is NULL
R10=0x0000000000000067 is an unknown value
R11=0x000000070107e300 is an oop: [I 
{0x000000070107e300} - klass: {type array int}
 - length: 256
R12=0x0 is NULL
R13=0x00000000000002a0 is an unknown value
R14=0x0000000000001576 is an unknown value
R15=0x000002321963dad0 is a thread


Registers:
RAX=0x0000000000000067, RBX=0x0000000000001549, RCX=0x00000232187cb958, RDX=0x0000000000000000
RSP=0x000000efeb5fb830, RBP=0x000000efeb5fba78, RSI=0x0000023218714a98, RDI=0x0000000000000120
R8 =0x0000000000000067, R9 =0x0000000000000000, R10=0x0000000000000067, R11=0x000000070107e300
R12=0x0000000000000000, R13=0x00000000000002a0, R14=0x0000000000001576, R15=0x000002321963dad0
RIP=0x0000023200a60de3, EFLAGS=0x0000000000010206

Top of Stack: (sp=0x000000efeb5fb830)
0x000000efeb5fb830:   000000efeb5fbae0 0000023200a5511c
0x000000efeb5fb840:   000000070d1a87d0 0000000703bdde10
0x000000efeb5fb850:   00007ffad347b380 000002321963dad0
0x000000efeb5fb860:   0000000800001528 00007ffad2f0b9b9
0x000000efeb5fb870:   000000efeb5fb8e0 000000070d1a8f30
0x000000efeb5fb880:   0000000600000000 0000000703bdbfc0
0x000000efeb5fb890:   0000000000000005 0000000500000000
0x000000efeb5fb8a0:   0000006700000006 0000006700000067
0x000000efeb5fb8b0:   000000efeb5fb978 0000023200bb29cc
0x000000efeb5fb8c0:   000000efeb5fba78 000002320082429c
0x000000efeb5fb8d0:   0000000000000000 000000efeb5fb928
0x000000efeb5fb8e0:   000000efeb5fb978 0000023200009657
0x000000efeb5fb8f0:   0000000000000000 0000000000000000
0x000000efeb5fb900:   0000000703bdde48 0000000000000000
0x000000efeb5fb910:   000000efeb5fb978 0000023200000000
0x000000efeb5fb920:   0000000703bdbfe8 000000070d1a8f58 

Instructions: (pc=0x0000023200a60de3)
0x0000023200a60ce3:   00 00 00 00 00 00 0f 84 0a 00 00 00 48 be 40 04
0x0000023200a60cf3:   00 00 00 00 00 00 48 8b 3c 32 48 8d 7f 01 48 89
0x0000023200a60d03:   3c 32 0f 84 4a 03 00 00 8b 54 24 68 83 fa 00 48
0x0000023200a60d13:   be 58 b9 7c 18 32 02 00 00 48 bf 78 04 00 00 00
0x0000023200a60d23:   00 00 00 0f 85 0a 00 00 00 48 bf 88 04 00 00 00
0x0000023200a60d33:   00 00 00 48 8b 1c 3e 48 8d 5b 01 48 89 1c 3e 0f
0x0000023200a60d43:   85 a3 02 00 00 48 be 58 b9 7c 18 32 02 00 00 48
0x0000023200a60d53:   83 86 98 04 00 00 01 48 be a8 2a 7d 18 32 02 00
0x0000023200a60d63:   00 8b be cc 00 00 00 83 c7 02 89 be cc 00 00 00
0x0000023200a60d73:   81 e7 fe ff 1f 00 83 ff 00 0f 84 73 0a 00 00 48
0x0000023200a60d83:   be a8 2a 7d 18 32 02 00 00 48 83 86 10 01 00 00
0x0000023200a60d93:   01 48 be 98 4a 71 18 32 02 00 00 8b be cc 00 00
0x0000023200a60da3:   00 83 c7 02 89 be cc 00 00 00 81 e7 fe ff 1f 00
0x0000023200a60db3:   83 ff 00 0f 84 5a 0a 00 00 83 f8 61 48 be 98 4a
0x0000023200a60dc3:   71 18 32 02 00 00 48 bf 10 01 00 00 00 00 00 00
0x0000023200a60dd3:   0f 8c 0a 00 00 00 48 bf 20 01 00 00 00 00 00 00
0x0000023200a60de3:   48 8b 1c 3e 48 8d 5b 01 48 89 1c 3e 0f 8c 39 00
0x0000023200a60df3:   00 00 83 f8 7a 48 be 98 4a 71 18 32 02 00 00 48
0x0000023200a60e03:   bf 40 01 00 00 00 00 00 00 0f 8e 0a 00 00 00 48
0x0000023200a60e13:   bf 30 01 00 00 00 00 00 00 48 8b 1c 3e 48 8d 5b
0x0000023200a60e23:   01 48 89 1c 3e 0f 8e 0a 00 00 00 be 00 00 00 00
0x0000023200a60e33:   e9 15 00 00 00 48 be 98 4a 71 18 32 02 00 00 ff
0x0000023200a60e43:   86 50 01 00 00 be 01 00 00 00 83 e6 01 83 fe 00
0x0000023200a60e53:   48 be a8 2a 7d 18 32 02 00 00 48 bf 20 01 00 00
0x0000023200a60e63:   00 00 00 00 0f 85 0a 00 00 00 48 bf 30 01 00 00
0x0000023200a60e73:   00 00 00 00 48 8b 1c 3e 48 8d 5b 01 48 89 1c 3e
0x0000023200a60e83:   0f 85 07 01 00 00 48 be a8 2a 7d 18 32 02 00 00
0x0000023200a60e93:   48 83 86 40 01 00 00 01 48 be f8 45 71 18 32 02
0x0000023200a60ea3:   00 00 8b be cc 00 00 00 83 c7 02 89 be cc 00 00
0x0000023200a60eb3:   00 81 e7 fe ff 1f 00 83 ff 00 0f 84 74 09 00 00
0x0000023200a60ec3:   83 f8 30 48 be f8 45 71 18 32 02 00 00 48 bf 10
0x0000023200a60ed3:   01 00 00 00 00 00 00 0f 8c 0a 00 00 00 48 bf 20 


Stack slot to memory mapping:
stack at sp + 0 slots: 0x000000efeb5fbae0 is pointing into the stack for thread: 0x000002321963dad0
stack at sp + 1 slots: 0x0000023200a5511c is at entry_point+3292 in (nmethod*)0x0000023200a54110
stack at sp + 2 slots: 0x000000070d1a87d0 is an oop: org.springframework.boot.context.properties.source.SpringIterableConfigurationPropertySource 
{0x000000070d1a87d0} - klass: 'org/springframework/boot/context/properties/source/SpringIterableConfigurationPropertySource'
 - ---- fields (total size 4 words):
 - private final 'propertySource' 'Lorg/springframework/core/env/PropertySource;' @12  a 'org/springframework/boot/env/OriginTrackedMapPropertySource'{0x0000000701782f50} (e02f05ea)
 - private final 'mapper' 'Lorg/springframework/boot/context/properties/source/PropertyMapper;' @16  a 'org/springframework/boot/context/properties/source/SpringConfigurationPropertySource$DelegatingPropertyMapper'{0x000000070d1a87b8} (e1a350f7)
 - private final 'containsDescendantOf' 'Ljava/util/function/Function;' @20  a 'org/springframework/boot/context/properties/source/SpringConfigurationPropertySource$$Lambda$93+0x0000000800cb9680'{0x000000070178c368} (e02f186d)
 - private volatile 'cacheKey' 'Ljava/lang/Object;' @24  a 'org/springframework/boot/context/properties/source/SpringIterableConfigurationPropertySource$CacheKey'{0x000000070d1a88e0} (e1a3511c)
 - private volatile 'cache' 'Lorg/springframework/boot/context/properties/source/SpringIterableConfigurationPropertySource$Cache;' @28  a 'org/springframework/boot/context/properties/source/SpringIterableConfigurationPropertySource$Cache'{0x000000070d1a88c8} (e1a35119)
stack at sp + 3 slots: 0x0000000703bdde10 is an oop: org.springframework.boot.context.properties.source.SpringIterableConfigurationPropertySource$CacheKey 
{0x0000000703bdde10} - klass: 'org/springframework/boot/context/properties/source/SpringIterableConfigurationPropertySource$CacheKey'
 - ---- fields (total size 2 words):
 - private final 'key' 'Ljava/lang/Object;' @12  a 'java/util/LinkedHashMap$LinkedKeySet'{0x0000000701783058} (e02f060b)
stack at sp + 4 slots: 0x00007ffad347b380 jvm.dll
stack at sp + 5 slots: 0x000002321963dad0 is a thread
stack at sp + 6 slots: 0x0000000800001528 is a pointer to class: 
stack at sp + 7 slots: 0x00007ffad2f0b9b9 jvm.dll

--------------------------------------------------------------------------------
[Constant Pool (empty)]

--------------------------------------------------------------------------------

[MachCode]
  0x0000023200a60380: 448b 5208 | 49bb 0000 | 0000 0800 | 0000 4d03 | d34c 3bd0 | 0f85 e6c6 | 5eff 660f | 1f44 0000 
  0x0000023200a603a0: 8984 2400 | 90ff ff55 | 4881 ec90 | 0000 004c | 8944 2458 | 4c89 4c24 | 4889 7c24 | 5048 be58 
  0x0000023200a603c0: b97c 1832 | 0200 008b | 9ecc 0000 | 0083 c302 | 899e cc00 | 0000 81e3 | fe07 0000 | 83fb 000f 
  0x0000023200a603e0: 8478 1200 | 0049 3b00 | 498b d048 | be58 b97c | 1832 0200 | 0048 8386 | 2801 0000 | 0149 8bf0 
  0x0000023200a60400: 4c8b c748 | 8bd6 90e8 | 748e deff | 8944 2454 | 4c8b 4c24 | 4849 3b01 | 4d8b c148 | ba58 b97c 
  0x0000023200a60420: 1832 0200 | 0048 8382 | 6001 0000 | 0144 8b44 | 2450 498b | d166 90e8 | 448e deff | 8944 2470 
  0x0000023200a60440: 4c8b 4424 | 5849 b958 | b97c 1832 | 0200 0049 | 8381 9801 | 0000 0149 | b870 1774 | 1832 0200 
  0x0000023200a60460: 0045 8b88 | cc00 0000 | 4183 c102 | 4589 88cc | 0000 0041 | 81e1 feff | 1f00 4183 | f900 0f84 
  0x0000023200a60480: 0412 0000 | 4c8b 4424 | 5845 8b48 | 1c49 c1e1 | 038b 7c24 | 5041 3b79 | 0c0f 8314 | 1200 0048 
  0x0000023200a604a0: 63d7 458b | 4c91 1049 | c1e1 0349 | 3b01 498b | d148 be58 | b97c 1832 | 0200 0048 | 8386 b801 
  0x0000023200a604c0: 0000 0145 | 0fbe 4914 | 4183 e101 | 4489 4c24 | 6448 8b54 | 2448 48be | 58b9 7c18 | 3202 0000 
  0x0000023200a604e0: 4883 8608 | 0200 0001 | 48ba 7017 | 7418 3202 | 0000 8bb2 | cc00 0000 | 83c6 0289 | b2cc 0000 
  0x0000023200a60500: 0081 e6fe | ff1f 0083 | fe00 0f84 | b611 0000 | 488b 7424 | 488b 561c | 48c1 e203 | 3b7a 0c0f 
  0x0000023200a60520: 83cc 1100 | 0048 63df | 8b54 9a10 | 48c1 e203 | 483b 0248 | 8bda 48b9 | 58b9 7c18 | 3202 0000 
  0x0000023200a60540: 4883 8128 | 0200 0001 | 0fbe 5214 | 83e2 0189 | 5424 68bb | 0000 0000 | b900 0000 | 008b 7424 
  0x0000023200a60560: 540f 1f80 | 0000 0000 | 3bce 49bd | 58b9 7c18 | 3202 0000 | 49be 6002 | 0000 0000 | 0000 0f8d 
  0x0000023200a60580: 0a00 0000 | 49be 7002 | 0000 0000 | 0000 894c | 2460 4b8b | 4c35 0048 | 8d49 014b | 894c 3500 
  0x0000023200a605a0: 0f8d 290b | 0000 3bd8 | 48b9 58b9 | 7c18 3202 | 0000 49bd | 9002 0000 | 0000 0000 | 0f8d 0a00 
  0x0000023200a605c0: 0000 49bd | 8002 0000 | 0000 0000 | 4e8b 3429 | 4d8d 7601 | 4e89 3429 | 0f8d 6410 | 0000 4183 
  0x0000023200a605e0: f900 48b9 | 58b9 7c18 | 3202 0000 | 49bd a002 | 0000 0000 | 0000 0f84 | 0a00 0000 | 49bd b002 
  0x0000023200a60600: 0000 0000 | 0000 4e8b | 3429 4d8d | 7601 4e89 | 3429 895c | 246c 0f84 | 5600 0000 | 8b4c 2460 
  0x0000023200a60620: 4d8b e849 | be58 b97c | 1832 0200 | 0049 ba68 | 22c3 0008 | 0000 004d | 8996 d002 | 0000 4983 
  0x0000023200a60640: 86d8 0200 | 0001 498b | f04c 8bc7 | 4c8b c948 | 8bd6 894c | 2460 90e8 | 24c7 5eff | 49b8 58b9 
  0x0000023200a60660: 7c18 3202 | 0000 41ff | 80f8 0200 | 00e9 8e01 | 0000 4c8b | 4424 5849 | b958 b97c | 1832 0200 
  0x0000023200a60680: 0049 8381 | 2803 0000 | 0144 8b44 | 2450 448b | 4c24 6048 | 8b54 2458 | 0f1f 8000 | 0000 00e8 
  0x0000023200a606a0: bc3d 2107 | 48ba 58b9 | 7c18 3202 | 0000 4883 | 8248 0300 | 0001 48ba | c0f2 3418 | 3202 0000 
  0x0000023200a606c0: 8bb2 cc00 | 0000 83c6 | 0289 b2cc | 0000 0081 | e6fe ff1f | 0083 fe00 | 0f84 2610 | 0000 48ba 
  0x0000023200a606e0: c0f2 3418 | 3202 0000 | 4883 8210 | 0100 0001 | 48ba f046 | 0a18 3202 | 0000 8bb2 | cc00 0000 
  0x0000023200a60700: 83c6 0289 | b2cc 0000 | 0081 e6fe | ff1f 0083 | fe00 0f84 | 0d10 0000 | 48ba f046 | 0a18 3202 
  0x0000023200a60720: 0000 4883 | 8210 0100 | 0001 488b | d089 4424 | 7466 0f1f | 4400 00e8 | c461 0b07 | 483b 004c 
  0x0000023200a60740: 8bc0 48ba | f046 0a18 | 3202 0000 | 458b 4008 | 49ba 0000 | 0000 0800 | 0000 4d03 | c24c 3b82 
  0x0000023200a60760: 3001 0000 | 750d 4883 | 8238 0100 | 0001 e966 | 0000 004c | 3b82 4001 | 0000 750d | 4883 8248 
  0x0000023200a60780: 0100 0001 | e950 0000 | 0048 81ba | 3001 0000 | 0000 0000 | 7517 4c89 | 8230 0100 | 0048 c782 
  0x0000023200a607a0: 3801 0000 | 0100 0000 | e92c 0000 | 0048 81ba | 4001 0000 | 0000 0000 | 7517 4c89 | 8240 0100 
  0x0000023200a607c0: 0048 c782 | 4801 0000 | 0100 0000 | e908 0000 | 0048 8382 | 2001 0000 | 0144 8b44 | 2474 488b 
  0x0000023200a607e0: d00f 1f40 | 0048 b8b8 | db03 0008 | 0000 00e8 | 8c3f 0807 | 81e0 ffff | 0000 81e0 | ffff 0000 
  0x0000023200a60800: 8b54 2468 | 83fa 0049 | b858 b97c | 1832 0200 | 0049 b958 | 0300 0000 | 0000 000f | 840a 0000 
  0x0000023200a60820: 0049 b968 | 0300 0000 | 0000 004b | 8b34 0848 | 8d76 014b | 8934 0889 | 4424 784c | 8b4c 2448 
  0x0000023200a60840: 0f84 5400 | 0000 49b8 | 58b9 7c18 | 3202 0000 | 49ba 6822 | c300 0800 | 0000 4d89 | 9088 0300 
  0x0000023200a60860: 0049 8380 | 9003 0000 | 0144 8b44 | 2450 448b | 4c24 6c48 | 8b54 2448 | 0f1f 8000 | 0000 00e8 
  0x0000023200a60880: fcc4 5eff | 49b8 58b9 | 7c18 3202 | 0000 41ff | 80b0 0300 | 00e9 8601 | 0000 49b8 | 58b9 7c18 
  0x0000023200a608a0: 3202 0000 | 4983 80e0 | 0300 0001 | 448b 4424 | 5044 8b4c | 246c 488b | 5424 480f | 1f40 00e8 
  0x0000023200a608c0: 9c3b 2107 | 48ba 58b9 | 7c18 3202 | 0000 4883 | 8200 0400 | 0001 48ba | c0f2 3418 | 3202 0000 
  0x0000023200a608e0: 8bb2 cc00 | 0000 83c6 | 0289 b2cc | 0000 0081 | e6fe ff1f | 0083 fe00 | 0f84 4d0e | 0000 48ba 
  0x0000023200a60900: c0f2 3418 | 3202 0000 | 4883 8210 | 0100 0001 | 48ba f046 | 0a18 3202 | 0000 8bb2 | cc00 0000 
  0x0000023200a60920: 83c6 0289 | b2cc 0000 | 0081 e6fe | ff1f 0083 | fe00 0f84 | 340e 0000 | 48ba f046 | 0a18 3202 
  0x0000023200a60940: 0000 4883 | 8210 0100 | 0001 488b | d089 4424 | 7c66 0f1f | 4400 00e8 | a45f 0b07 | 483b 004c 
  0x0000023200a60960: 8bc0 48ba | f046 0a18 | 3202 0000 | 458b 4008 | 49ba 0000 | 0000 0800 | 0000 4d03 | c24c 3b82 
  0x0000023200a60980: 3001 0000 | 750d 4883 | 8238 0100 | 0001 e966 | 0000 004c | 3b82 4001 | 0000 750d | 4883 8248 
  0x0000023200a609a0: 0100 0001 | e950 0000 | 0048 81ba | 3001 0000 | 0000 0000 | 7517 4c89 | 8230 0100 | 0048 c782 
  0x0000023200a609c0: 3801 0000 | 0100 0000 | e92c 0000 | 0048 81ba | 4001 0000 | 0000 0000 | 7517 4c89 | 8240 0100 
  0x0000023200a609e0: 0048 c782 | 4801 0000 | 0100 0000 | e908 0000 | 0048 8382 | 2001 0000 | 0144 8b44 | 247c 488b 
  0x0000023200a60a00: d00f 1f40 | 0048 b8b8 | db03 0008 | 0000 00e8 | 6c3d 0807 | 81e0 ffff | 0000 81e0 | ffff 0000 
  0x0000023200a60a20: 448b 4c24 | 6441 83f9 | 0049 b858 | b97c 1832 | 0200 0048 | ba10 0400 | 0000 0000 | 000f 850a 
  0x0000023200a60a40: 0000 0048 | ba20 0400 | 0000 0000 | 0049 8b34 | 1048 8d76 | 0149 8934 | 1044 8b44 | 2478 0f85 
  0x0000023200a60a60: a702 0000 | 48ba 58b9 | 7c18 3202 | 0000 4883 | 8230 0400 | 0001 48ba | a82a 7d18 | 3202 0000 
  0x0000023200a60a80: 8bb2 cc00 | 0000 83c6 | 0289 b2cc | 0000 0081 | e6fe ff1f | 0083 fe00 | 0f84 f40c | 0000 48ba 
  0x0000023200a60aa0: a82a 7d18 | 3202 0000 | 4883 8210 | 0100 0001 | 48ba 984a | 7118 3202 | 0000 8bb2 | cc00 0000 
  0x0000023200a60ac0: 83c6 0289 | b2cc 0000 | 0081 e6fe | ff1f 0083 | fe00 0f84 | db0c 0000 | 4183 f861 | 48ba 984a 
  0x0000023200a60ae0: 7118 3202 | 0000 48be | 1001 0000 | 0000 0000 | 0f8c 0a00 | 0000 48be | 2001 0000 | 0000 0000 
  0x0000023200a60b00: 488b 3c32 | 488d 7f01 | 4889 3c32 | 0f8c 3a00 | 0000 4183 | f87a 48ba | 984a 7118 | 3202 0000 
  0x0000023200a60b20: 48be 4001 | 0000 0000 | 0000 0f8e | 0a00 0000 | 48be 3001 | 0000 0000 | 0000 488b | 3c32 488d 
  0x0000023200a60b40: 7f01 4889 | 3c32 0f8e | 0a00 0000 | ba00 0000 | 00e9 1500 | 0000 48ba | 984a 7118 | 3202 0000 
  0x0000023200a60b60: ff82 5001 | 0000 ba01 | 0000 0083 | e201 83fa | 0048 baa8 | 2a7d 1832 | 0200 0048 | be20 0100 
  0x0000023200a60b80: 0000 0000 | 000f 850a | 0000 0048 | be30 0100 | 0000 0000 | 0048 8b3c | 3248 8d7f | 0148 893c 
  0x0000023200a60ba0: 320f 8509 | 0100 0048 | baa8 2a7d | 1832 0200 | 0048 8382 | 4001 0000 | 0148 baf8 | 4571 1832 
  0x0000023200a60bc0: 0200 008b | b2cc 0000 | 0083 c602 | 89b2 cc00 | 0000 81e6 | feff 1f00 | 83fe 000f | 84f3 0b00 
  0x0000023200a60be0: 0041 83f8 | 3048 baf8 | 4571 1832 | 0200 0048 | be10 0100 | 0000 0000 | 000f 8c0a | 0000 0048 
  0x0000023200a60c00: be20 0100 | 0000 0000 | 0048 8b3c | 3248 8d7f | 0148 893c | 320f 8c3a | 0000 0041 | 83f8 3948 
  0x0000023200a60c20: baf8 4571 | 1832 0200 | 0048 be40 | 0100 0000 | 0000 000f | 8e0a 0000 | 0048 be30 | 0100 0000 
  0x0000023200a60c40: 0000 0048 | 8b3c 3248 | 8d7f 0148 | 893c 320f | 8e0a 0000 | 00ba 0000 | 0000 e915 | 0000 0048 
  0x0000023200a60c60: baf8 4571 | 1832 0200 | 00ff 8250 | 0100 00ba | 0100 0000 | 83e2 0183 | fa00 48ba | a82a 7d18 
  0x0000023200a60c80: 3202 0000 | 48be 5001 | 0000 0000 | 0000 0f84 | 0a00 0000 | 48be 6001 | 0000 0000 | 0000 488b 
  0x0000023200a60ca0: 3c32 488d | 7f01 4889 | 3c32 0f84 | 1a00 0000 | 48ba a82a | 7d18 3202 | 0000 ff82 | 7001 0000 
  0x0000023200a60cc0: ba01 0000 | 00e9 0500 | 0000 ba00 | 0000 0083 | e201 83fa | 0048 ba58 | b97c 1832 | 0200 0048 
  0x0000023200a60ce0: be50 0400 | 0000 0000 | 000f 840a | 0000 0048 | be40 0400 | 0000 0000 | 0048 8b3c | 3248 8d7f 
  0x0000023200a60d00: 0148 893c | 320f 844a | 0300 008b | 5424 6883 | fa00 48be | 58b9 7c18 | 3202 0000 | 48bf 7804 
  0x0000023200a60d20: 0000 0000 | 0000 0f85 | 0a00 0000 | 48bf 8804 | 0000 0000 | 0000 488b | 1c3e 488d | 5b01 4889 
  0x0000023200a60d40: 1c3e 0f85 | a302 0000 | 48be 58b9 | 7c18 3202 | 0000 4883 | 8698 0400 | 0001 48be | a82a 7d18 
  0x0000023200a60d60: 3202 0000 | 8bbe cc00 | 0000 83c7 | 0289 becc | 0000 0081 | e7fe ff1f | 0083 ff00 | 0f84 730a 
  0x0000023200a60d80: 0000 48be | a82a 7d18 | 3202 0000 | 4883 8610 | 0100 0001 | 48be 984a | 7118 3202 | 0000 8bbe 
  0x0000023200a60da0: cc00 0000 | 83c7 0289 | becc 0000 | 0081 e7fe | ff1f 0083 | ff00 0f84 | 5a0a 0000 | 83f8 6148 
  0x0000023200a60dc0: be98 4a71 | 1832 0200 | 0048 bf10 | 0100 0000 | 0000 000f | 8c0a 0000 | 0048 bf20 | 0100 0000 
  0x0000023200a60de0: 0000 0048 | 8b1c 3e48 | 8d5b 0148 | 891c 3e0f | 8c39 0000 | 0083 f87a | 48be 984a | 7118 3202 
  0x0000023200a60e00: 0000 48bf | 4001 0000 | 0000 0000 | 0f8e 0a00 | 0000 48bf | 3001 0000 | 0000 0000 | 488b 1c3e 
  0x0000023200a60e20: 488d 5b01 | 4889 1c3e | 0f8e 0a00 | 0000 be00 | 0000 00e9 | 1500 0000 | 48be 984a | 7118 3202 
  0x0000023200a60e40: 0000 ff86 | 5001 0000 | be01 0000 | 0083 e601 | 83fe 0048 | bea8 2a7d | 1832 0200 | 0048 bf20 
  0x0000023200a60e60: 0100 0000 | 0000 000f | 850a 0000 | 0048 bf30 | 0100 0000 | 0000 0048 | 8b1c 3e48 | 8d5b 0148 
  0x0000023200a60e80: 891c 3e0f | 8507 0100 | 0048 bea8 | 2a7d 1832 | 0200 0048 | 8386 4001 | 0000 0148 | bef8 4571 
  0x0000023200a60ea0: 1832 0200 | 008b becc | 0000 0083 | c702 89be | cc00 0000 | 81e7 feff | 1f00 83ff | 000f 8474 
  0x0000023200a60ec0: 0900 0083 | f830 48be | f845 7118 | 3202 0000 | 48bf 1001 | 0000 0000 | 0000 0f8c | 0a00 0000 
  0x0000023200a60ee0: 48bf 2001 | 0000 0000 | 0000 488b | 1c3e 488d | 5b01 4889 | 1c3e 0f8c | 3900 0000 | 83f8 3948 
  0x0000023200a60f00: bef8 4571 | 1832 0200 | 0048 bf40 | 0100 0000 | 0000 000f | 8e0a 0000 | 0048 bf30 | 0100 0000 
  0x0000023200a60f20: 0000 0048 | 8b1c 3e48 | 8d5b 0148 | 891c 3e0f | 8e0a 0000 | 00be 0000 | 0000 e915 | 0000 0048 
  0x0000023200a60f40: bef8 4571 | 1832 0200 | 00ff 8650 | 0100 00be | 0100 0000 | 83e6 0183 | fe00 48be | a82a 7d18 
  0x0000023200a60f60: 3202 0000 | 48bf 5001 | 0000 0000 | 0000 0f84 | 0a00 0000 | 48bf 6001 | 0000 0000 | 0000 488b 
  0x0000023200a60f80: 1c3e 488d | 5b01 4889 | 1c3e 0f84 | 1a00 0000 | 48be a82a | 7d18 3202 | 0000 ff86 | 7001 0000 
  0x0000023200a60fa0: be01 0000 | 00e9 0500 | 0000 be00 | 0000 0083 | e601 83fe | 0048 be58 | b97c 1832 | 0200 0048 
  0x0000023200a60fc0: bfb8 0400 | 0000 0000 | 000f 840a | 0000 0048 | bfa8 0400 | 0000 0000 | 0048 8b1c | 3e48 8d5b 
  0x0000023200a60fe0: 0148 891c | 3e0f 844a | 0000 0044 | 3bc0 49b8 | 58b9 7c18 | 3202 0000 | 48be f004 | 0000 0000 
  0x0000023200a61000: 0000 0f85 | 0a00 0000 | 48be e004 | 0000 0000 | 0000 498b | 3c30 488d | 7f01 4989 | 3c30 0f85 
  0x0000023200a61020: 0306 0000 | 8b4c 2460 | ffc1 8b5c | 246c ffc3 | e93f 0000 | 008b 5c24 | 6cff c349 | b858 b97c 
  0x0000023200a61040: 1832 0200 | 0041 ff80 | c804 0000 | 8b4c 2460 | e91f 0000 | 008b 5424 | 688b 4c24 | 60ff c149 
  0x0000023200a61060: b858 b97c | 1832 0200 | 0041 ff80 | 6004 0000 | 8b5c 246c | 49b8 58b9 | 7c18 3202 | 0000 418b 
  0x0000023200a61080: b0d0 0000 | 0083 c602 | 4189 b0d0 | 0000 0081 | e6fe 3f00 | 0083 fe00 | 0f84 ba07 | 0000 4d8b 
  0x0000023200a610a0: 9748 0300 | 0041 8502 | 49b8 58b9 | 7c18 3202 | 0000 41ff | 8000 0500 | 008b 4424 | 708b 7424 
  0x0000023200a610c0: 548b 7c24 | 504c 8b44 | 2458 e999 | f4ff ff8b | 5424 680f | 1f44 0000 | 8b44 2470 | 8b7c 2450 
  0x0000023200a610e0: 4c8b 4c24 | 483b d849 | b858 b97c | 1832 0200 | 0048 be18 | 0500 0000 | 0000 000f | 8d0a 0000 
  0x0000023200a61100: 0048 be28 | 0500 0000 | 0000 0049 | 8b0c 3048 | 8d49 0149 | 890c 300f | 8def 0400 | 0048 8bf3 
  0x0000023200a61120: ffc6 4d8b | c148 b958 | b97c 1832 | 0200 0049 | ba68 22c3 | 0008 0000 | 004c 8991 | 4805 0000 
  0x0000023200a61140: 4883 8150 | 0500 0001 | 4c8b c749 | 8bc9 4c8b | cb48 8bd1 | 89b4 2480 | 0000 000f | 1f40 00e8 
  0x0000023200a61160: 1cbc 5eff | 48ba 58b9 | 7c18 3202 | 0000 4883 | 8270 0500 | 0001 48ba | c0f2 3418 | 3202 0000 
  0x0000023200a61180: 8bb2 cc00 | 0000 83c6 | 0289 b2cc | 0000 0081 | e6fe ff1f | 0083 fe00 | 0f84 db06 | 0000 48ba 
  0x0000023200a611a0: c0f2 3418 | 3202 0000 | 4883 8210 | 0100 0001 | 48ba f046 | 0a18 3202 | 0000 8bb2 | cc00 0000 
  0x0000023200a611c0: 83c6 0289 | b2cc 0000 | 0081 e6fe | ff1f 0083 | fe00 0f84 | c206 0000 | 48ba f046 | 0a18 3202 
  0x0000023200a611e0: 0000 4883 | 8210 0100 | 0001 488b | d089 8424 | 8400 0000 | 6666 90e8 | 84c1 5eff | 483b 004c 
  0x0000023200a61200: 8bc0 48ba | f046 0a18 | 3202 0000 | 458b 4008 | 49ba 0000 | 0000 0800 | 0000 4d03 | c24c 3b82 
  0x0000023200a61220: 3001 0000 | 750d 4883 | 8238 0100 | 0001 e966 | 0000 004c | 3b82 4001 | 0000 750d | 4883 8248 
  0x0000023200a61240: 0100 0001 | e950 0000 | 0048 81ba | 3001 0000 | 0000 0000 | 7517 4c89 | 8230 0100 | 0048 c782 
  0x0000023200a61260: 3801 0000 | 0100 0000 | e92c 0000 | 0048 81ba | 4001 0000 | 0000 0000 | 7517 4c89 | 8240 0100 
  0x0000023200a61280: 0048 c782 | 4801 0000 | 0100 0000 | e908 0000 | 0048 8382 | 2001 0000 | 0144 8b84 | 2484 0000 
  0x0000023200a612a0: 0048 8bd0 | 9048 b8ff | ffff ffff | ffff ffe8 | ccbd 5eff | 81e0 ffff | 0000 81e0 | ffff 0000 
  0x0000023200a612c0: 8b54 2468 | 83fa 0048 | be58 b97c | 1832 0200 | 0048 bf80 | 0500 0000 | 0000 000f | 850a 0000 
  0x0000023200a612e0: 0048 bf90 | 0500 0000 | 0000 0048 | 8b1c 3e48 | 8d5b 0148 | 891c 3e0f | 85f4 0200 | 0048 be58 
  0x0000023200a61300: b97c 1832 | 0200 0048 | 8386 a005 | 0000 0148 | bea8 2a7d | 1832 0200 | 008b becc | 0000 0083 
  0x0000023200a61320: c702 89be | cc00 0000 | 81e7 feff | 1f00 83ff | 000f 8489 | 0500 0048 | bea8 2a7d | 1832 0200 
  0x0000023200a61340: 0048 8386 | 1001 0000 | 0148 be98 | 4a71 1832 | 0200 008b | becc 0000 | 0083 c702 | 89be cc00 
  0x0000023200a61360: 0000 81e7 | feff 1f00 | 83ff 000f | 8470 0500 | 0083 f861 | 48be 984a | 7118 3202 | 0000 48bf 
  0x0000023200a61380: 1001 0000 | 0000 0000 | 0f8c 0a00 | 0000 48bf | 2001 0000 | 0000 0000 | 488b 1c3e | 488d 5b01 
  0x0000023200a613a0: 4889 1c3e | 0f8c 3900 | 0000 83f8 | 7a48 be98 | 4a71 1832 | 0200 0048 | bf40 0100 | 0000 0000 
  0x0000023200a613c0: 000f 8e0a | 0000 0048 | bf30 0100 | 0000 0000 | 0048 8b1c | 3e48 8d5b | 0148 891c | 3e0f 8e0a 
  0x0000023200a613e0: 0000 00be | 0000 0000 | e915 0000 | 0048 be98 | 4a71 1832 | 0200 00ff | 8650 0100 | 00be 0100 
  0x0000023200a61400: 0000 83e6 | 0183 fe00 | 48be a82a | 7d18 3202 | 0000 48bf | 2001 0000 | 0000 0000 | 0f85 0a00 
  0x0000023200a61420: 0000 48bf | 3001 0000 | 0000 0000 | 488b 1c3e | 488d 5b01 | 4889 1c3e | 0f85 0701 | 0000 48be 
  0x0000023200a61440: a82a 7d18 | 3202 0000 | 4883 8640 | 0100 0001 | 48be f845 | 7118 3202 | 0000 8bbe | cc00 0000 
  0x0000023200a61460: 83c7 0289 | becc 0000 | 0081 e7fe | ff1f 0083 | ff00 0f84 | 8a04 0000 | 83f8 3048 | bef8 4571 
  0x0000023200a61480: 1832 0200 | 0048 bf10 | 0100 0000 | 0000 000f | 8c0a 0000 | 0048 bf20 | 0100 0000 | 0000 0048 
  0x0000023200a614a0: 8b1c 3e48 | 8d5b 0148 | 891c 3e0f | 8c39 0000 | 0083 f839 | 48b8 f845 | 7118 3202 | 0000 48be 
  0x0000023200a614c0: 4001 0000 | 0000 0000 | 0f8e 0a00 | 0000 48be | 3001 0000 | 0000 0000 | 488b 3c30 | 488d 7f01 
  0x0000023200a614e0: 4889 3c30 | 0f8e 0a00 | 0000 b800 | 0000 00e9 | 1500 0000 | 48b8 f845 | 7118 3202 | 0000 ff80 
  0x0000023200a61500: 5001 0000 | b801 0000 | 0083 e001 | 83f8 0048 | b8a8 2a7d | 1832 0200 | 0048 be50 | 0100 0000 
  0x0000023200a61520: 0000 000f | 840a 0000 | 0048 be60 | 0100 0000 | 0000 0048 | 8b3c 3048 | 8d7f 0148 | 893c 300f 
  0x0000023200a61540: 841a 0000 | 0048 b8a8 | 2a7d 1832 | 0200 00ff | 8070 0100 | 00b8 0100 | 0000 e905 | 0000 00b8 
  0x0000023200a61560: 0000 0000 | 83e0 0183 | f800 48b8 | 58b9 7c18 | 3202 0000 | 48be c005 | 0000 0000 | 0000 0f85 
  0x0000023200a61580: 0a00 0000 | 48be b005 | 0000 0000 | 0000 488b | 3c30 488d | 7f01 4889 | 3c30 0f85 | 5100 0000 
  0x0000023200a615a0: 8bb4 2480 | 0000 0048 | b858 b97c | 1832 0200 | 008b b8d0 | 0000 0083 | c702 89b8 | d000 0000 
  0x0000023200a615c0: 81e7 fe3f | 0000 83ff | 000f 8454 | 0300 004d | 8b97 4803 | 0000 4185 | 0248 b858 | b97c 1832 
  0x0000023200a615e0: 0200 00ff | 80d0 0500 | 0048 8bde | e9e7 faff | ffb8 0000 | 0000 4881 | c490 0000 | 005d 493b 
  0x0000023200a61600: a740 0300 | 000f 8739 | 0300 00c3 | b801 0000 | 0048 81c4 | 9000 0000 | 5d49 3ba7 | 4003 0000 
  0x0000023200a61620: 0f87 3403 | 0000 c3b8 | 0000 0000 | 4881 c490 | 0000 005d | 493b a740 | 0300 000f | 872f 0300 
  0x0000023200a61640: 00c3 b800 | 0000 0048 | 81c4 9000 | 0000 5d49 | 3ba7 4003 | 0000 0f87 | 2a03 0000 | c349 ba70 
  0x0000023200a61660: 2655 1832 | 0200 004c | 8954 2408 | 48c7 0424 | ffff ffff | e807 8069 | ffe9 67ed | ffff e81d 
  0x0000023200a61680: 2c69 ffe8 | 182c 69ff | 49ba f053 | 5518 3202 | 0000 4c89 | 5424 0848 | c704 24ff | ffff ffe8 
  0x0000023200a616a0: dc7f 69ff | e9db edff | ffe8 f22b | 69ff e8ed | 2b69 ff48 | 893c 244c | 894c 2408 | e8df 2269 
  0x0000023200a616c0: ffe8 da2b | 69ff 49ba | f053 5518 | 3202 0000 | 4c89 5424 | 0848 c704 | 24ff ffff | ffe8 9e7f 
  0x0000023200a616e0: 69ff e929 | eeff ffe8 | b42b 69ff | e8af 2b69 | ff48 893c | 2448 8954 | 2408 e8a1 | 2269 ffe8 
  0x0000023200a61700: 9c2b 69ff | 49ba 209e | 0300 0800 | 0000 4c89 | 5424 0848 | c704 24ff | ffff ffe8 | 607f 69ff 
  0x0000023200a61720: e9b9 efff | ff49 bac8 | 9d03 0008 | 0000 004c | 8954 2408 | 48c7 0424 | ffff ffff | e83f 7f69 
  0x0000023200a61740: ffe9 d2ef | ffff e855 | 2b69 ff49 | ba20 9e03 | 0008 0000 | 004c 8954 | 2408 48c7 | 0424 ffff 
  0x0000023200a61760: ffff e819 | 7f69 ffe9 | 92f1 ffff | 49ba c89d | 0300 0800 | 0000 4c89 | 5424 0848 | c704 24ff 
  0x0000023200a61780: ffff ffe8 | f87e 69ff | e9ab f1ff | ffe8 0e2b | 69ff 49ba | 487a 5518 | 3202 0000 | 4c89 5424 
  0x0000023200a617a0: 0848 c704 | 24ff ffff | ffe8 d27e | 69ff e9eb | f2ff ff49 | ba10 7b55 | 1832 0200 | 004c 8954 
  0x0000023200a617c0: 2408 48c7 | 0424 ffff | ffff e8b1 | 7e69 ffe9 | 04f3 ffff | 49ba d87b | 5518 3202 | 0000 4c89 
  0x0000023200a617e0: 5424 0848 | c704 24ff | ffff ffe8 | 907e 69ff | e9ec f3ff | ff49 ba48 | 7a55 1832 | 0200 004c 
  0x0000023200a61800: 8954 2408 | 48c7 0424 | ffff ffff | e86f 7e69 | ffe9 6cf5 | ffff 49ba | 107b 5518 | 3202 0000 
  0x0000023200a61820: 4c89 5424 | 0848 c704 | 24ff ffff | ffe8 4e7e | 69ff e985 | f5ff ff49 | bad8 7b55 | 1832 0200 
  0x0000023200a61840: 004c 8954 | 2408 48c7 | 0424 ffff | ffff e82d | 7e69 ffe9 | 6bf6 ffff | 49ba 7026 | 5518 3202 
  0x0000023200a61860: 0000 4c89 | 5424 0848 | c704 24a3 | 0000 00e8 | 0c7e 69ff | e925 f8ff | ff49 ba20 | 9e03 0008 
  0x0000023200a61880: 0000 004c | 8954 2408 | 48c7 0424 | ffff ffff | e8eb 7d69 | ffe9 04f9 | ffff 49ba | c89d 0300 
  0x0000023200a618a0: 0800 0000 | 4c89 5424 | 0848 c704 | 24ff ffff | ffe8 ca7d | 69ff e91d | f9ff ffe8 | e029 69ff 
  0x0000023200a618c0: 49ba 487a | 5518 3202 | 0000 4c89 | 5424 0848 | c704 24ff | ffff ffe8 | a47d 69ff | e956 faff 
  0x0000023200a618e0: ff49 ba10 | 7b55 1832 | 0200 004c | 8954 2408 | 48c7 0424 | ffff ffff | e883 7d69 | ffe9 6ffa 
  0x0000023200a61900: ffff 49ba | d87b 5518 | 3202 0000 | 4c89 5424 | 0848 c704 | 24ff ffff | ffe8 627d | 69ff e955 
  0x0000023200a61920: fbff ff49 | ba70 2655 | 1832 0200 | 004c 8954 | 2408 48c7 | 0424 cb00 | 0000 e841 | 7d69 ffe9 
  0x0000023200a61940: 8bfc ffff | 49ba fe15 | a600 3202 | 0000 4d89 | 9758 0300 | 00e9 a61a | 5fff 49ba | 1916 a600 
  0x0000023200a61960: 3202 0000 | 4d89 9758 | 0300 00e9 | 901a 5fff | 49ba 3416 | a600 3202 | 0000 4d89 | 9758 0300 
  0x0000023200a61980: 00e9 7a1a | 5fff 49ba | 4f16 a600 | 3202 0000 | 4d89 9758 | 0300 00e9 | 641a 5fff | 9090 498b 
  0x0000023200a619a0: 87d0 0300 | 0049 c787 | d003 0000 | 0000 0000 | 49c7 87d8 | 0300 0000 | 0000 0048 | 81c4 9000 
  0x0000023200a619c0: 0000 5de9 | 3849 60ff | f4f4 f4f4 | f4f4 f4f4 | f4f4 f4f4 | f4f4 f4f4 | f4f4 f4f4 | f4f4 f4f4 
  0x0000023200a619e0: 0f1f 4400 | 0048 bb00 | 0000 0000 | 0000 00e9 | fbff ffff | 9048 bb00 | 0000 0000 | 0000 00e9 
  0x0000023200a61a00: fbff ffff | 9048 bb00 | 0000 0000 | 0000 00e9 | fbff ffff | 9048 bb00 | 0000 0000 | 0000 00e9 
  0x0000023200a61a20: fbff ffff | 9048 bb00 | 0000 0000 | 0000 00e9 | fbff ffff | 9048 bb00 | 0000 0000 | 0000 00e9 
  0x0000023200a61a40: fbff ffff | 9048 bb00 | 0000 0000 | 0000 00e9 | fbff ffff | 9048 bb00 | 0000 0000 | 0000 00e9 
  0x0000023200a61a60: fbff ffff | 9048 bb00 | 0000 0000 | 0000 00e9 | fbff ffff | 9048 bb00 | 0000 0000 | 0000 00e9 
  0x0000023200a61a80: fbff ffff | 9048 bb00 | 0000 0000 | 0000 00e9 | fbff ffff | 9048 bb00 | 0000 0000 | 0000 00e9 
  0x0000023200a61aa0: fbff ffff | 9048 bb00 | 0000 0000 | 0000 00e9 | fbff ffff | e8c7 4869 | ff48 b980 | 6e46 d3fa 
  0x0000023200a61ac0: 7f00 0048 | 83e4 f049 | ba10 8b14 | d3fa 7f00 | 0041 ffd2 | f449 bad5 | 1aa6 0032 | 0200 0041 
  0x0000023200a61ae0: 52e9 ba0b | 5fff f4f4 
[/MachCode]
--------------------------------------------------------------------------------


---------------  P R O C E S S  ---------------

Threads class SMR info:
_java_thread_list=0x0000023219f270b0, length=17, elements={
0x00000232749f9060, 0x0000023217c482e0, 0x0000023217c49060, 0x000002321880ab00,
0x000002321880d3d0, 0x000002321880dc90, 0x000002321880e550, 0x000002321880f800,
0x000002321881a9f0, 0x000002321881b2f0, 0x0000023217c30c00, 0x0000023218b6e060,
0x0000023218b6e530, 0x0000023218f47260, 0x0000023219446b50, 0x000002321963dad0,
0x000002321b075fa0
}

Java Threads: ( => current thread )
  0x00000232749f9060 JavaThread "main" [_thread_blocked, id=1664, stack(0x000000efe9f00000,0x000000efea000000)]
  0x0000023217c482e0 JavaThread "Reference Handler" daemon [_thread_blocked, id=11664, stack(0x000000efea600000,0x000000efea700000)]
  0x0000023217c49060 JavaThread "Finalizer" daemon [_thread_blocked, id=14324, stack(0x000000efea700000,0x000000efea800000)]
  0x000002321880ab00 JavaThread "Signal Dispatcher" daemon [_thread_blocked, id=17932, stack(0x000000efea800000,0x000000efea900000)]
  0x000002321880d3d0 JavaThread "Attach Listener" daemon [_thread_blocked, id=19172, stack(0x000000efea900000,0x000000efeaa00000)]
  0x000002321880dc90 JavaThread "Service Thread" daemon [_thread_blocked, id=18316, stack(0x000000efeaa00000,0x000000efeab00000)]
  0x000002321880e550 JavaThread "Monitor Deflation Thread" daemon [_thread_blocked, id=7836, stack(0x000000efeab00000,0x000000efeac00000)]
  0x000002321880f800 JavaThread "C2 CompilerThread0" daemon [_thread_blocked, id=13680, stack(0x000000efeac00000,0x000000efead00000)]
  0x000002321881a9f0 JavaThread "C1 CompilerThread0" daemon [_thread_blocked, id=2784, stack(0x000000efead00000,0x000000efeae00000)]
  0x000002321881b2f0 JavaThread "Sweeper thread" daemon [_thread_blocked, id=7856, stack(0x000000efeae00000,0x000000efeaf00000)]
  0x0000023217c30c00 JavaThread "Common-Cleaner" daemon [_thread_blocked, id=3360, stack(0x000000efeaf00000,0x000000efeb000000)]
  0x0000023218b6e060 JavaThread "Monitor Ctrl-Break" daemon [_thread_in_native, id=15304, stack(0x000000efeb000000,0x000000efeb100000)]
  0x0000023218b6e530 JavaThread "Notification Thread" daemon [_thread_blocked, id=12232, stack(0x000000efeb100000,0x000000efeb200000)]
  0x0000023218f47260 JavaThread "C2 CompilerThread1" daemon [_thread_blocked, id=3024, stack(0x000000efeb300000,0x000000efeb400000)]
  0x0000023219446b50 JavaThread "Thread-0" [_thread_blocked, id=8944, stack(0x000000efeb400000,0x000000efeb500000)]
=>0x000002321963dad0 JavaThread "restartedMain" [_thread_in_Java, id=14200, stack(0x000000efeb500000,0x000000efeb600000)]
  0x000002321b075fa0 JavaThread "C2 CompilerThread2" daemon [_thread_blocked, id=5256, stack(0x000000efec100000,0x000000efec200000)]

Other Threads:
  0x0000023217c433d0 VMThread "VM Thread" [stack: 0x000000efea500000,0x000000efea600000] [id=744]
  0x0000023218a72140 WatcherThread [stack: 0x000000efeb200000,0x000000efeb300000] [id=14012]
  0x0000023274a63740 GCTaskThread "GC Thread#0" [stack: 0x000000efea000000,0x000000efea100000] [id=12436]
  0x00000232194967a0 GCTaskThread "GC Thread#1" [stack: 0x000000efeb700000,0x000000efeb800000] [id=11616]
  0x000002321954d260 GCTaskThread "GC Thread#2" [stack: 0x000000efeb800000,0x000000efeb900000] [id=8020]
  0x00000232195179b0 GCTaskThread "GC Thread#3" [stack: 0x000000efeb900000,0x000000efeba00000] [id=16184]
  0x0000023219634140 GCTaskThread "GC Thread#4" [stack: 0x000000efeba00000,0x000000efebb00000] [id=20692]
  0x000002321958e770 GCTaskThread "GC Thread#5" [stack: 0x000000efebb00000,0x000000efebc00000] [id=20848]
  0x000002321958eea0 GCTaskThread "GC Thread#6" [stack: 0x000000efebc00000,0x000000efebd00000] [id=15912]
  0x0000023219590e50 GCTaskThread "GC Thread#7" [stack: 0x000000efebd00000,0x000000efebe00000] [id=19628]
  0x00000232195908f0 GCTaskThread "GC Thread#8" [stack: 0x000000efebf00000,0x000000efec000000] [id=10776]
  0x0000023219590ba0 GCTaskThread "GC Thread#9" [stack: 0x000000efec000000,0x000000efec100000] [id=14996]
  0x0000023274a76cd0 ConcurrentGCThread "G1 Main Marker" [stack: 0x000000efea100000,0x000000efea200000] [id=6784]
  0x0000023274a775f0 ConcurrentGCThread "G1 Conc#0" [stack: 0x000000efea200000,0x000000efea300000] [id=8720]
  0x000002321958f8d0 ConcurrentGCThread "G1 Conc#1" [stack: 0x000000efeb600000,0x000000efeb700000] [id=13052]
  0x0000023219591100 ConcurrentGCThread "G1 Conc#2" [stack: 0x000000efec200000,0x000000efec300000] [id=12388]
  0x0000023217afc610 ConcurrentGCThread "G1 Refine#0" [stack: 0x000000efea300000,0x000000efea400000] [id=18312]
  0x0000023219591ee0 ConcurrentGCThread "G1 Refine#1" [stack: 0x000000efebe00000,0x000000efebf00000] [id=21308]
  0x0000023217afce40 ConcurrentGCThread "G1 Service" [stack: 0x000000efea400000,0x000000efea500000] [id=12128]

Threads with active compile tasks:

VM state: not at safepoint (normal execution)

VM Mutex/Monitor currently owned by a thread: None

Heap address: 0x0000000700e00000, size: 4082 MB, Compressed Oops mode: Zero based, Oop shift amount: 3

CDS archive(s) mapped at: [0x0000000800000000-0x0000000800bd0000-0x0000000800bd0000), size 12386304, SharedBaseAddress: 0x0000000800000000, ArchiveRelocationMode: 0.
Compressed class space mapped at: 0x0000000800c00000-0x0000000840c00000, reserved size: 1073741824
Narrow klass base: 0x0000000800000000, Narrow klass shift: 0, Narrow klass range: 0x100000000

GC Precious Log:
 CPUs: 12 total, 12 available
 Memory: 16320M
 Large Page Support: Disabled
 NUMA Support: Disabled
 Compressed Oops: Enabled (Zero based)
 Heap Region Size: 2M
 Heap Min Capacity: 8M
 Heap Initial Capacity: 256M
 Heap Max Capacity: 4082M
 Pre-touch: Disabled
 Parallel Workers: 10
 Concurrent Workers: 3
 Concurrent Refinement Workers: 10
 Periodic GC: Disabled

Heap:
 garbage-first heap   total 55296K, used 22041K [0x0000000700e00000, 0x0000000800000000)
  region size 2048K, 6 young (12288K), 1 survivors (2048K)
 Metaspace       used 26036K, committed 26304K, reserved 1073152K
  class space    used 3284K, committed 3392K, reserved 1048576K

Heap Regions: E=young(eden), S=young(survivor), O=old, HS=humongous(starts), HC=humongous(continues), CS=collection set, F=free, OA=open archive, CA=closed archive, TAMS=top-at-mark-start (previous, next)
|   0|0x0000000700e00000, 0x0000000701000000, 0x0000000701000000|100%| O|  |TAMS 0x0000000701000000, 0x0000000700e00000| Untracked 
|   1|0x0000000701000000, 0x0000000701200000, 0x0000000701200000|100%| O|  |TAMS 0x0000000701200000, 0x0000000701000000| Untracked 
|   2|0x0000000701200000, 0x0000000701400000, 0x0000000701400000|100%| O|  |TAMS 0x0000000701400000, 0x0000000701200000| Untracked 
|   3|0x0000000701400000, 0x0000000701456600, 0x0000000701600000| 16%| O|  |TAMS 0x0000000701456600, 0x0000000701400000| Untracked 
|   4|0x0000000701600000, 0x0000000701800000, 0x0000000701800000|100%| O|  |TAMS 0x0000000701600000, 0x0000000701600000| Untracked 
|   5|0x0000000701800000, 0x0000000701a00000, 0x0000000701a00000|100%| O|  |TAMS 0x0000000701800000, 0x0000000701800000| Untracked 
|   6|0x0000000701a00000, 0x0000000701b2fe00, 0x0000000701c00000| 59%| O|  |TAMS 0x0000000701a00000, 0x0000000701a00000| Untracked 
|   7|0x0000000701c00000, 0x0000000701c00000, 0x0000000701e00000|  0%| F|  |TAMS 0x0000000701c00000, 0x0000000701c00000| Untracked 
|   8|0x0000000701e00000, 0x0000000701e00000, 0x0000000702000000|  0%| F|  |TAMS 0x0000000701e00000, 0x0000000701e00000| Untracked 
|   9|0x0000000702000000, 0x0000000702000000, 0x0000000702200000|  0%| F|  |TAMS 0x0000000702000000, 0x0000000702000000| Untracked 
|  10|0x0000000702200000, 0x0000000702400000, 0x0000000702400000|100%| S|CS|TAMS 0x0000000702200000, 0x0000000702200000| Complete 
|  11|0x0000000702400000, 0x0000000702400000, 0x0000000702600000|  0%| F|  |TAMS 0x0000000702400000, 0x0000000702400000| Untracked 
|  12|0x0000000702600000, 0x0000000702600000, 0x0000000702800000|  0%| F|  |TAMS 0x0000000702600000, 0x0000000702600000| Untracked 
|  13|0x0000000702800000, 0x0000000702800000, 0x0000000702a00000|  0%| F|  |TAMS 0x0000000702800000, 0x0000000702800000| Untracked 
|  14|0x0000000702a00000, 0x0000000702a00000, 0x0000000702c00000|  0%| F|  |TAMS 0x0000000702a00000, 0x0000000702a00000| Untracked 
|  15|0x0000000702c00000, 0x0000000702c00000, 0x0000000702e00000|  0%| F|  |TAMS 0x0000000702c00000, 0x0000000702c00000| Untracked 
|  16|0x0000000702e00000, 0x0000000702e00000, 0x0000000703000000|  0%| F|  |TAMS 0x0000000702e00000, 0x0000000702e00000| Untracked 
|  17|0x0000000703000000, 0x0000000703000000, 0x0000000703200000|  0%| F|  |TAMS 0x0000000703000000, 0x0000000703000000| Untracked 
|  18|0x0000000703200000, 0x0000000703200000, 0x0000000703400000|  0%| F|  |TAMS 0x0000000703200000, 0x0000000703200000| Untracked 
|  19|0x0000000703400000, 0x0000000703400000, 0x0000000703600000|  0%| F|  |TAMS 0x0000000703400000, 0x0000000703400000| Untracked 
|  20|0x0000000703600000, 0x0000000703600000, 0x0000000703800000|  0%| F|  |TAMS 0x0000000703600000, 0x0000000703600000| Untracked 
|  21|0x0000000703800000, 0x0000000703800000, 0x0000000703a00000|  0%| F|  |TAMS 0x0000000703800000, 0x0000000703800000| Untracked 
|  22|0x0000000703a00000, 0x0000000703bf3820, 0x0000000703c00000| 97%| E|  |TAMS 0x0000000703a00000, 0x0000000703a00000| Complete 
|  97|0x000000070d000000, 0x000000070d200000, 0x000000070d200000|100%| E|CS|TAMS 0x000000070d000000, 0x000000070d000000| Complete 
|  98|0x000000070d200000, 0x000000070d400000, 0x000000070d400000|100%| E|CS|TAMS 0x000000070d200000, 0x000000070d200000| Complete 
|  99|0x000000070d400000, 0x000000070d600000, 0x000000070d600000|100%| E|CS|TAMS 0x000000070d400000, 0x000000070d400000| Complete 
| 127|0x0000000710c00000, 0x0000000710e00000, 0x0000000710e00000|100%| E|CS|TAMS 0x0000000710c00000, 0x0000000710c00000| Complete 

Card table byte_map: [0x000002327cfc0000,0x000002327d7c0000] _byte_map_base: 0x00000232797b9000

Marking Bits (Prev, Next): (CMBitMap*) 0x0000023274a654c0, (CMBitMap*) 0x0000023274a65480
 Prev Bits: [0x0000023212fd0000, 0x0000023216f98000)
 Next Bits: [0x000002320f000000, 0x0000023212fc8000)

Polling page: 0x0000023272960000

Metaspace:

Usage:
  Non-class:     22.22 MB used.
      Class:      3.21 MB used.
       Both:     25.43 MB used.

Virtual space:
  Non-class space:       24.00 MB reserved,      22.38 MB ( 93%) committed,  3 nodes.
      Class space:        1.00 GB reserved,       3.31 MB ( <1%) committed,  1 nodes.
             Both:        1.02 GB reserved,      25.69 MB (  2%) committed. 

Chunk freelists:
   Non-Class:  1.48 MB
       Class:  716.00 KB
        Both:  2.18 MB

MaxMetaspaceSize: unlimited
CompressedClassSpaceSize: 1.00 GB
Initial GC threshold: 21.00 MB
Current GC threshold: 35.12 MB
CDS: on
MetaspaceReclaimPolicy: balanced
 - commit_granule_bytes: 65536.
 - commit_granule_words: 8192.
 - virtual_space_node_default_size: 1048576.
 - enlarge_chunks_in_place: 1.
 - new_chunks_are_fully_committed: 0.
 - uncommit_free_chunks: 1.
 - use_allocation_guard: 0.
 - handle_deallocations: 1.


Internal statistics:

num_allocs_failed_limit: 3.
num_arena_births: 300.
num_arena_deaths: 0.
num_vsnodes_births: 4.
num_vsnodes_deaths: 0.
num_space_committed: 411.
num_space_uncommitted: 0.
num_chunks_returned_to_freelist: 3.
num_chunks_taken_from_freelist: 1224.
num_chunk_merges: 3.
num_chunk_splits: 781.
num_chunks_enlarged: 554.
num_purges: 0.
num_inconsistent_stats: 0.

CodeHeap 'non-profiled nmethods': size=120000Kb used=1751Kb max_used=1751Kb free=118249Kb
 bounds [0x0000023207ad0000, 0x0000023207d40000, 0x000002320f000000]
CodeHeap 'profiled nmethods': size=120000Kb used=8176Kb max_used=8176Kb free=111823Kb
 bounds [0x00000232005a0000, 0x0000023200da0000, 0x0000023207ad0000]
CodeHeap 'non-nmethods': size=5760Kb used=1195Kb max_used=1238Kb free=4564Kb
 bounds [0x0000023200000000, 0x0000023200270000, 0x00000232005a0000]
 total_blobs=3997 nmethods=3501 adapters=407
 compilation: enabled
              stopped_count=0, restarted_count=0
 full_count=0

Compilation events (20 events):
Event: 3.212 Thread 0x000002321881a9f0 3499       1       org.springframework.transaction.interceptor.BeanFactoryTransactionAttributeSourceAdvisor::access$000 (5 bytes)
Event: 3.212 Thread 0x000002321881a9f0 nmethod 3499 0x0000023207c73f90 code [0x0000023207c74120, 0x0000023207c741d8]
Event: 3.212 Thread 0x000002321881a9f0 3494       3       java.lang.invoke.MethodHandles$Lookup$ClassDefiner::defineClass (97 bytes)
Event: 3.214 Thread 0x000002321880f800 nmethod 3492 0x0000023207c74290 code [0x0000023207c74440, 0x0000023207c74678]
Event: 3.214 Thread 0x000002321880f800 3490       4       org.springframework.boot.context.properties.source.ConfigurationPropertyName::isAncestorOf (58 bytes)
Event: 3.214 Thread 0x000002321881a9f0 nmethod 3494 0x0000023200d95810 code [0x0000023200d95aa0, 0x0000023200d96938]
Event: 3.214 Thread 0x000002321881a9f0 3495       3       java.lang.System$2::defineClass (21 bytes)
Event: 3.214 Thread 0x000002321881a9f0 nmethod 3495 0x0000023200d96f10 code [0x0000023200d970c0, 0x0000023200d97248]
Event: 3.214 Thread 0x000002321881a9f0 3493       1       org.springframework.core.annotation.AnnotatedElementUtils$MergedAnnotationAttributesProcessor::aggregates (5 bytes)
Event: 3.214 Thread 0x000002321881a9f0 nmethod 3493 0x0000023207c74890 code [0x0000023207c74a20, 0x0000023207c74af8]
Event: 3.214 Thread 0x000002321881a9f0 3481   !   3       java.lang.invoke.MethodHandles$Lookup::revealDirect (196 bytes)
Event: 3.215 Thread 0x000002321881a9f0 nmethod 3481 0x0000023200d97310 code [0x0000023200d97660, 0x0000023200d98a48]
Event: 3.215 Thread 0x000002321881a9f0 3500       3       org.springframework.core.BridgeMethodResolver::isBridgedCandidateFor (46 bytes)
Event: 3.215 Thread 0x000002321881a9f0 nmethod 3500 0x0000023200d99110 code [0x0000023200d99300, 0x0000023200d99778]
Event: 3.215 Thread 0x000002321881a9f0 3482       3       java.lang.invoke.InnerClassLambdaMetafactory::lambdaClassName (57 bytes)
Event: 3.216 Thread 0x000002321881a9f0 nmethod 3482 0x0000023200d99990 code [0x0000023200d99c20, 0x0000023200d9a448]
Event: 3.216 Thread 0x000002321881a9f0 3484       3       java.lang.invoke.AbstractValidatingLambdaMetafactory::isAdaptableToAsReturn (36 bytes)
Event: 3.216 Thread 0x000002321881a9f0 nmethod 3484 0x0000023200d9a790 code [0x0000023200d9a960, 0x0000023200d9ae08]
Event: 3.217 Thread 0x000002321881a9f0 3501       3       org.springframework.beans.factory.support.AbstractBeanDefinition::getBeanClass (63 bytes)
Event: 3.218 Thread 0x000002321881a9f0 nmethod 3501 0x0000023200d9af90 code [0x0000023200d9b220, 0x0000023200d9be28]

GC Heap History (8 events):
Event: 0.897 GC heap before
{Heap before GC invocations=0 (full 0):
 garbage-first heap   total 262144K, used 22528K [0x0000000700e00000, 0x0000000800000000)
  region size 2048K, 11 young (22528K), 0 survivors (0K)
 Metaspace       used 6033K, committed 6144K, reserved 1056768K
  class space    used 698K, committed 768K, reserved 1048576K
}
Event: 0.902 GC heap after
{Heap after GC invocations=1 (full 0):
 garbage-first heap   total 262144K, used 6249K [0x0000000700e00000, 0x0000000800000000)
  region size 2048K, 2 young (4096K), 2 survivors (4096K)
 Metaspace       used 6033K, committed 6144K, reserved 1056768K
  class space    used 698K, committed 768K, reserved 1048576K
}
Event: 1.329 GC heap before
{Heap before GC invocations=1 (full 0):
 garbage-first heap   total 262144K, used 26729K [0x0000000700e00000, 0x0000000800000000)
  region size 2048K, 13 young (26624K), 2 survivors (4096K)
 Metaspace       used 11566K, committed 11776K, reserved 1064960K
  class space    used 1496K, committed 1600K, reserved 1048576K
}
Event: 1.334 GC heap after
{Heap after GC invocations=2 (full 0):
 garbage-first heap   total 262144K, used 8274K [0x0000000700e00000, 0x0000000800000000)
  region size 2048K, 1 young (2048K), 1 survivors (2048K)
 Metaspace       used 11566K, committed 11776K, reserved 1064960K
  class space    used 1496K, committed 1600K, reserved 1048576K
}
Event: 2.338 GC heap before
{Heap before GC invocations=2 (full 0):
 garbage-first heap   total 262144K, used 61522K [0x0000000700e00000, 0x0000000800000000)
  region size 2048K, 28 young (57344K), 1 survivors (2048K)
 Metaspace       used 21236K, committed 21504K, reserved 1073152K
  class space    used 2637K, committed 2752K, reserved 1048576K
}
Event: 2.345 GC heap after
{Heap after GC invocations=3 (full 0):
 garbage-first heap   total 262144K, used 12066K [0x0000000700e00000, 0x0000000800000000)
  region size 2048K, 3 young (6144K), 3 survivors (6144K)
 Metaspace       used 21236K, committed 21504K, reserved 1073152K
  class space    used 2637K, committed 2752K, reserved 1048576K
}
Event: 2.959 GC heap before
{Heap before GC invocations=4 (full 0):
 garbage-first heap   total 55296K, used 38690K [0x0000000700e00000, 0x0000000800000000)
  region size 2048K, 16 young (32768K), 3 survivors (6144K)
 Metaspace       used 24536K, committed 24768K, reserved 1073152K
  class space    used 3080K, committed 3200K, reserved 1048576K
}
Event: 2.964 GC heap after
{Heap after GC invocations=5 (full 0):
 garbage-first heap   total 55296K, used 13849K [0x0000000700e00000, 0x0000000800000000)
  region size 2048K, 1 young (2048K), 1 survivors (2048K)
 Metaspace       used 24536K, committed 24768K, reserved 1073152K
  class space    used 3080K, committed 3200K, reserved 1048576K
}

Deoptimization events (20 events):
Event: 3.154 Thread 0x000002321963dad0 Uncommon trap: trap_request=0xffffff45 fr.pc=0x0000023207c0e790 relative=0x0000000000000350
Event: 3.154 Thread 0x000002321963dad0 Uncommon trap: reason=unstable_if action=reinterpret pc=0x0000023207c0e790 method=java.io.WinNTFileSystem.isLetter(C)Z @ 3 c2
Event: 3.154 Thread 0x000002321963dad0 DEOPT PACKING pc=0x0000023207c0e790 sp=0x000000efeb5fbab0
Event: 3.154 Thread 0x000002321963dad0 DEOPT UNPACKING pc=0x00000232000523a3 sp=0x000000efeb5fb9c0 mode 2
Event: 3.173 Thread 0x000002321963dad0 Uncommon trap: trap_request=0xffffff45 fr.pc=0x0000023207bf3428 relative=0x00000000000001e8
Event: 3.173 Thread 0x000002321963dad0 Uncommon trap: reason=unstable_if action=reinterpret pc=0x0000023207bf3428 method=org.springframework.boot.context.properties.source.ConfigurationPropertyName$Elements.charAt(II)C @ 13 c2
Event: 3.173 Thread 0x000002321963dad0 DEOPT PACKING pc=0x0000023207bf3428 sp=0x000000efeb5fb540
Event: 3.173 Thread 0x000002321963dad0 DEOPT UNPACKING pc=0x00000232000523a3 sp=0x000000efeb5fb4c0 mode 2
Event: 3.179 Thread 0x000002321963dad0 Uncommon trap: trap_request=0xffffffc6 fr.pc=0x0000023207c49778 relative=0x0000000000000338
Event: 3.179 Thread 0x000002321963dad0 Uncommon trap: reason=bimorphic_or_optimized_type_check action=maybe_recompile pc=0x0000023207c49778 method=java.util.Collections$SetFromMap.contains(Ljava/lang/Object;)Z @ 5 c2
Event: 3.179 Thread 0x000002321963dad0 DEOPT PACKING pc=0x0000023207c49778 sp=0x000000efeb5fb0d0
Event: 3.179 Thread 0x000002321963dad0 DEOPT UNPACKING pc=0x00000232000523a3 sp=0x000000efeb5fb078 mode 2
Event: 3.184 Thread 0x000002321963dad0 Uncommon trap: trap_request=0xffffffc6 fr.pc=0x0000023207c49778 relative=0x0000000000000338
Event: 3.184 Thread 0x000002321963dad0 Uncommon trap: reason=bimorphic_or_optimized_type_check action=maybe_recompile pc=0x0000023207c49778 method=java.util.Collections$SetFromMap.contains(Ljava/lang/Object;)Z @ 5 c2
Event: 3.184 Thread 0x000002321963dad0 DEOPT PACKING pc=0x0000023207c49778 sp=0x000000efeb5fa4f0
Event: 3.184 Thread 0x000002321963dad0 DEOPT UNPACKING pc=0x00000232000523a3 sp=0x000000efeb5fa498 mode 2
Event: 3.189 Thread 0x000002321963dad0 Uncommon trap: trap_request=0xfffffff4 fr.pc=0x0000023207c62f40 relative=0x0000000000000280
Event: 3.189 Thread 0x000002321963dad0 Uncommon trap: reason=null_check action=make_not_entrant pc=0x0000023207c62f40 method=org.springframework.util.ClassUtils.isAssignable(Ljava/lang/Class;Ljava/lang/Class;)Z @ 14 c2
Event: 3.189 Thread 0x000002321963dad0 DEOPT PACKING pc=0x0000023207c62f40 sp=0x000000efeb5f9980
Event: 3.189 Thread 0x000002321963dad0 DEOPT UNPACKING pc=0x00000232000523a3 sp=0x000000efeb5f9920 mode 2

Classes unloaded (0 events):
No events

Classes redefined (0 events):
No events

Internal exceptions (20 events):
Event: 2.994 Thread 0x000002321963dad0 Exception <a 'java/lang/ClassNotFoundException'{0x0000000710d64550}: org/springframework/core/OrderedCustomizer> (0x0000000710d64550) 
thrown [s\open\src\hotspot\share\classfile\systemDictionary.cpp, line 256]
Event: 2.995 Thread 0x000002321963dad0 Exception <a 'java/lang/ClassNotFoundException'{0x0000000710d689f0}: org/springframework/beans/factory/BeanClassLoaderAwareCustomizer> (0x0000000710d689f0) 
thrown [s\open\src\hotspot\share\classfile\systemDictionary.cpp, line 256]
Event: 2.995 Thread 0x000002321963dad0 Exception <a 'java/lang/ClassNotFoundException'{0x0000000710d6cf50}: org/springframework/beans/factory/AwareCustomizer> (0x0000000710d6cf50) 
thrown [s\open\src\hotspot\share\classfile\systemDictionary.cpp, line 256]
Event: 2.995 Thread 0x000002321963dad0 Exception <a 'java/lang/ClassNotFoundException'{0x0000000710d708a0}: org/springframework/aop/framework/AopInfrastructureBeanCustomizer> (0x0000000710d708a0) 
thrown [s\open\src\hotspot\share\classfile\systemDictionary.cpp, line 256]
Event: 3.003 Thread 0x000002321963dad0 Exception <a 'java/lang/NoSuchMethodError'{0x0000000710dd23d8}: 'int java.lang.invoke.DirectMethodHandle$Holder.invokeSpecialIFC(java.lang.Object, java.lang.Object, java.lang.Object, java.lang.Object, java.lang.Object)'> (0x0000000710dd23d8) 
thrown [s\open\src\hotspot\share\interpreter\linkResolver.cpp, line 759]
Event: 3.039 Thread 0x000002321963dad0 Exception <a 'java/lang/ClassNotFoundException'{0x000000070d57f088}: java/lang/ObjectCustomizer> (0x000000070d57f088) 
thrown [s\open\src\hotspot\share\classfile\systemDictionary.cpp, line 256]
Event: 3.040 Thread 0x000002321963dad0 Exception <a 'java/lang/ClassNotFoundException'{0x000000070d586e00}: org/springframework/transaction/annotation/AbstractTransactionManagementConfigurationCustomizer> (0x000000070d586e00) 
thrown [s\open\src\hotspot\share\classfile\systemDictionary.cpp, line 256]
Event: 3.040 Thread 0x000002321963dad0 Exception <a 'java/lang/ClassNotFoundException'{0x000000070d58ddd8}: org/springframework/transaction/annotation/ProxyTransactionManagementConfigurationCustomizer> (0x000000070d58ddd8) 
thrown [s\open\src\hotspot\share\classfile\systemDictionary.cpp, line 256]
Event: 3.041 Thread 0x000002321963dad0 Exception <a 'java/lang/ClassNotFoundException'{0x000000070d594d08}: org/springframework/transaction/annotation/ProxyTransactionManagementConfiguration$$EnhancerBySpringCGLIB$$3b376981Customizer> (0x000000070d594d08) 
thrown [s\open\src\hotspot\share\classfile\systemDictionary.cpp, line 256]
Event: 3.042 Thread 0x000002321963dad0 Exception <a 'java/lang/ClassNotFoundException'{0x000000070d5a1db0}: org/springframework/context/annotation/ConfigurationClassEnhancer$EnhancedConfigurationCustomizer> (0x000000070d5a1db0) 
thrown [s\open\src\hotspot\share\classfile\systemDictionary.cpp, line 256]
Event: 3.042 Thread 0x000002321963dad0 Exception <a 'java/lang/ClassNotFoundException'{0x000000070d5a6008}: org/springframework/beans/factory/BeanFactoryAwareCustomizer> (0x000000070d5a6008) 
thrown [s\open\src\hotspot\share\classfile\systemDictionary.cpp, line 256]
Event: 3.043 Thread 0x000002321963dad0 Exception <a 'java/lang/ClassNotFoundException'{0x000000070d5ab400}: org/springframework/beans/factory/AwareCustomizer> (0x000000070d5ab400) 
thrown [s\open\src\hotspot\share\classfile\systemDictionary.cpp, line 256]
Event: 3.043 Thread 0x000002321963dad0 Exception <a 'java/lang/ClassNotFoundException'{0x000000070d5af9f0}: org/springframework/context/annotation/ImportAwareCustomizer> (0x000000070d5af9f0) 
thrown [s\open\src\hotspot\share\classfile\systemDictionary.cpp, line 256]
Event: 3.044 Thread 0x000002321963dad0 Exception <a 'java/lang/ClassNotFoundException'{0x000000070d5b4b88}: org/springframework/beans/factory/AwareCustomizer> (0x000000070d5b4b88) 
thrown [s\open\src\hotspot\share\classfile\systemDictionary.cpp, line 256]
Event: 3.164 Thread 0x000002321963dad0 Exception <a 'java/lang/NoSuchMethodError'{0x000000070d181588}: 'void java.lang.invoke.DirectMethodHandle$Holder.invokeInterface(java.lang.Object, java.lang.Object, java.lang.Object)'> (0x000000070d181588) 
thrown [s\open\src\hotspot\share\interpreter\linkResolver.cpp, line 759]
Event: 3.173 Thread 0x000002321963dad0 Implicit null exception at 0x0000023207bf32f5 to 0x0000023207bf3410
Event: 3.189 Thread 0x000002321963dad0 Implicit null exception at 0x0000023207c62cda to 0x0000023207c62f2c
Event: 3.198 Thread 0x000002321963dad0 Exception <a 'java/lang/NoSuchMethodError'{0x0000000703ad5420}: 'java.lang.Object java.lang.invoke.DirectMethodHandle$Holder.invokeSpecial(java.lang.Object, java.lang.Object, java.lang.Object, java.lang.Object, java.lang.Object, java.lang.Object, int)'> (0x0000000703ad5420) 
thrown [s\open\src\hotspot\share\interpreter\linkResolver.cpp, line 759]
Event: 3.198 Thread 0x000002321963dad0 Exception <a 'java/lang/NoSuchMethodError'{0x0000000703ae0110}: 'java.lang.Object java.lang.invoke.DirectMethodHandle$Holder.newInvokeSpecial(java.lang.Object, java.lang.Object, java.lang.Object, java.lang.Object, java.lang.Object, java.lang.Object, int)'> (0x0000000703ae0110) 
thrown [s\open\src\hotspot\share\interpreter\linkResolver.cpp, line 759]
Event: 3.199 Thread 0x000002321963dad0 Exception <a 'java/lang/NoSuchMethodError'{0x0000000703ae56a0}: 'java.lang.Object java.lang.invoke.DirectMethodHandle$Holder.invokeSpecial(java.lang.Object, java.lang.Object, java.lang.Object, java.lang.Object, java.lang.Object, java.lang.Object, java.lang.Object, int)'> (0x0000000703ae56a0) 
thrown [s\open\src\hotspot\share\interpreter\linkResolver.cpp, line 759]

VM Operations (20 events):
Event: 2.643 Executing VM operation: HandshakeAllThreads
Event: 2.643 Executing VM operation: HandshakeAllThreads done
Event: 2.715 Executing VM operation: HandshakeAllThreads
Event: 2.715 Executing VM operation: HandshakeAllThreads done
Event: 2.732 Executing VM operation: HandshakeAllThreads
Event: 2.732 Executing VM operation: HandshakeAllThreads done
Event: 2.804 Executing VM operation: ICBufferFull
Event: 2.804 Executing VM operation: ICBufferFull done
Event: 2.959 Executing VM operation: G1CollectForAllocation
Event: 2.964 Executing VM operation: G1CollectForAllocation done
Event: 3.076 Executing VM operation: HandshakeAllThreads
Event: 3.076 Executing VM operation: HandshakeAllThreads done
Event: 3.161 Executing VM operation: HandshakeAllThreads
Event: 3.161 Executing VM operation: HandshakeAllThreads done
Event: 3.174 Executing VM operation: HandshakeAllThreads
Event: 3.174 Executing VM operation: HandshakeAllThreads done
Event: 3.181 Executing VM operation: HandshakeAllThreads
Event: 3.181 Executing VM operation: HandshakeAllThreads done
Event: 3.196 Executing VM operation: HandshakeAllThreads
Event: 3.196 Executing VM operation: HandshakeAllThreads done

Events (20 events):
Event: 3.069 loading class java/io/ObjectOutputStream
Event: 3.069 loading class java/io/ObjectOutput
Event: 3.069 loading class java/io/ObjectOutput done
Event: 3.069 loading class java/io/ObjectOutputStream done
Event: 3.083 loading class java/text/MessageFormat
Event: 3.083 loading class java/text/MessageFormat done
Event: 3.102 loading class java/lang/UnsatisfiedLinkError
Event: 3.102 loading class java/lang/UnsatisfiedLinkError done
Event: 3.160 loading class java/util/stream/SortedOps
Event: 3.160 loading class java/util/stream/SortedOps done
Event: 3.160 loading class java/util/stream/SortedOps$OfRef
Event: 3.160 loading class java/util/stream/SortedOps$OfRef done
Event: 3.161 loading class java/util/stream/SortedOps$SizedRefSortingSink
Event: 3.161 loading class java/util/stream/SortedOps$AbstractRefSortingSink
Event: 3.161 loading class java/util/stream/SortedOps$AbstractRefSortingSink done
Event: 3.161 loading class java/util/stream/SortedOps$SizedRefSortingSink done
Event: 3.179 loading class java/net/InetAddressEditor
Event: 3.179 loading class java/net/InetAddressEditor done
Event: 3.180 loading class java/lang/InheritableThreadLocal
Event: 3.180 loading class java/lang/InheritableThreadLocal done


Dynamic libraries:
0x00007ff719840000 - 0x00007ff719850000 	C:\Program Files\Java\jdk-17.0.5\bin\java.exe
0x00007ffb42ad0000 - 0x00007ffb42cc8000 	C:\Windows\SYSTEM32\ntdll.dll
0x00007ffb419b0000 - 0x00007ffb41a6f000 	C:\Windows\System32\KERNEL32.DLL
0x00007ffb40230000 - 0x00007ffb40502000 	C:\Windows\System32\KERNELBASE.dll
0x00007ffb40600000 - 0x00007ffb40700000 	C:\Windows\System32\ucrtbase.dll
0x00007ffb21ea0000 - 0x00007ffb21eba000 	C:\Program Files\Java\jdk-17.0.5\bin\VCRUNTIME140.dll
0x00007ffb21e80000 - 0x00007ffb21e98000 	C:\Program Files\Java\jdk-17.0.5\bin\jli.dll
0x00007ffb422e0000 - 0x00007ffb4238e000 	C:\Windows\System32\ADVAPI32.dll
0x00007ffb41860000 - 0x00007ffb418fe000 	C:\Windows\System32\msvcrt.dll
0x00007ffb41610000 - 0x00007ffb416ac000 	C:\Windows\System32\sechost.dll
0x00007ffb41170000 - 0x00007ffb41295000 	C:\Windows\System32\RPCRT4.dll
0x00007ffb416b0000 - 0x00007ffb41851000 	C:\Windows\System32\USER32.dll
0x00007ffb40510000 - 0x00007ffb40532000 	C:\Windows\System32\win32u.dll
0x00007ffb2bb10000 - 0x00007ffb2bdaa000 	C:\Windows\WinSxS\amd64_microsoft.windows.common-controls_6595b64144ccf1df_6.0.19041.1110_none_60b5254171f9507e\COMCTL32.dll
0x00007ffb40f00000 - 0x00007ffb40f2b000 	C:\Windows\System32\GDI32.dll
0x00007ffb40700000 - 0x00007ffb4080f000 	C:\Windows\System32\gdi32full.dll
0x00007ffb40a70000 - 0x00007ffb40b0d000 	C:\Windows\System32\msvcp_win.dll
0x00007ffb37250000 - 0x00007ffb3725a000 	C:\Windows\SYSTEM32\VERSION.dll
0x00007ffb40dc0000 - 0x00007ffb40df2000 	C:\Windows\System32\IMM32.DLL
0x00007ffb21e70000 - 0x00007ffb21e7c000 	C:\Program Files\Java\jdk-17.0.5\bin\vcruntime140_1.dll
0x00007ffb21de0000 - 0x00007ffb21e6d000 	C:\Program Files\Java\jdk-17.0.5\bin\msvcp140.dll
0x00007ffad2ba0000 - 0x00007ffad3762000 	C:\Program Files\Java\jdk-17.0.5\bin\server\jvm.dll
0x00007ffb40ee0000 - 0x00007ffb40ee8000 	C:\Windows\System32\PSAPI.DLL
0x00007ffb35020000 - 0x00007ffb35047000 	C:\Windows\SYSTEM32\WINMM.dll
0x00007ffb2d840000 - 0x00007ffb2d849000 	C:\Windows\SYSTEM32\WSOCK32.dll
0x00007ffb40d50000 - 0x00007ffb40dbb000 	C:\Windows\System32\WS2_32.dll
0x00007ffb3e9e0000 - 0x00007ffb3e9f2000 	C:\Windows\SYSTEM32\kernel.appcore.dll
0x00007ffb21dd0000 - 0x00007ffb21dda000 	C:\Program Files\Java\jdk-17.0.5\bin\jimage.dll
0x00007ffb3da40000 - 0x00007ffb3dc24000 	C:\Windows\SYSTEM32\DBGHELP.DLL
0x00007ffb2bfb0000 - 0x00007ffb2bfe5000 	C:\Windows\SYSTEM32\dbgcore.DLL
0x00007ffb40540000 - 0x00007ffb405c2000 	C:\Windows\System32\bcryptPrimitives.dll
0x00007ffb3d6d0000 - 0x00007ffb3d6de000 	C:\Program Files\Java\jdk-17.0.5\bin\instrument.dll
0x00007ffb21da0000 - 0x00007ffb21dc5000 	C:\Program Files\Java\jdk-17.0.5\bin\java.dll
0x00007ffb21cc0000 - 0x00007ffb21d96000 	C:\Program Files\Java\jdk-17.0.5\bin\jsvml.dll
0x00007ffb41a70000 - 0x00007ffb421b5000 	C:\Windows\System32\SHELL32.dll
0x00007ffb3e240000 - 0x00007ffb3e9d2000 	C:\Windows\SYSTEM32\windows.storage.dll
0x00007ffb412a0000 - 0x00007ffb415f5000 	C:\Windows\System32\combase.dll
0x00007ffb3fa60000 - 0x00007ffb3fa90000 	C:\Windows\SYSTEM32\Wldp.dll
0x00007ffb41900000 - 0x00007ffb419ad000 	C:\Windows\System32\SHCORE.dll
0x00007ffb42960000 - 0x00007ffb429b5000 	C:\Windows\System32\shlwapi.dll
0x00007ffb40100000 - 0x00007ffb4011f000 	C:\Windows\SYSTEM32\profapi.dll
0x00007ffb1fb60000 - 0x00007ffb1fb78000 	C:\Program Files\Java\jdk-17.0.5\bin\zip.dll
0x00007ffb21ca0000 - 0x00007ffb21cb9000 	C:\Program Files\Java\jdk-17.0.5\bin\net.dll
0x00007ffb39d60000 - 0x00007ffb39e6c000 	C:\Windows\SYSTEM32\WINHTTP.dll
0x00007ffb3f840000 - 0x00007ffb3f8aa000 	C:\Windows\system32\mswsock.dll
0x00007ffb1fb80000 - 0x00007ffb1fb96000 	C:\Program Files\Java\jdk-17.0.5\bin\nio.dll
0x00007ffb3d3a0000 - 0x00007ffb3d3ba000 	C:\Program Files\JetBrains\IntelliJ IDEA Community Edition 2022.3.1\bin\breakgen64.dll
0x00007ffb1fb40000 - 0x00007ffb1fb50000 	C:\Program Files\Java\jdk-17.0.5\bin\verify.dll
0x00007ffb3d6c0000 - 0x00007ffb3d6c9000 	C:\Program Files\Java\jdk-17.0.5\bin\management.dll
0x00007ffb3d4a0000 - 0x00007ffb3d4ab000 	C:\Program Files\Java\jdk-17.0.5\bin\management_ext.dll
0x00007ffb13840000 - 0x00007ffb13857000 	C:\Windows\system32\napinsp.dll
0x00007ffb0dac0000 - 0x00007ffb0dadb000 	C:\Windows\system32\pnrpnsp.dll
0x00007ffb1c5a0000 - 0x00007ffb1c5b5000 	C:\Windows\system32\wshbth.dll
0x00007ffb3cd80000 - 0x00007ffb3cd9d000 	C:\Windows\system32\NLAapi.dll
0x00007ffb3f550000 - 0x00007ffb3f58b000 	C:\Windows\SYSTEM32\IPHLPAPI.DLL
0x00007ffb3f590000 - 0x00007ffb3f65b000 	C:\Windows\SYSTEM32\DNSAPI.dll
0x00007ffb40ef0000 - 0x00007ffb40ef8000 	C:\Windows\System32\NSI.dll
0x00007ffb0daa0000 - 0x00007ffb0dab2000 	C:\Windows\System32\winrnr.dll
0x00007ffb31030000 - 0x00007ffb3103a000 	C:\Windows\System32\rasadhlp.dll
0x00007ffb39780000 - 0x00007ffb39800000 	C:\Windows\System32\fwpuclnt.dll
0x00007ffb405d0000 - 0x00007ffb405f7000 	C:\Windows\System32\bcrypt.dll

dbghelp: loaded successfully - version: 4.0.5 - missing functions: none
symbol engine: initialized successfully - sym options: 0x614 - pdb path: .;C:\Program Files\Java\jdk-17.0.5\bin;C:\Windows\SYSTEM32;C:\Windows\WinSxS\amd64_microsoft.windows.common-controls_6595b64144ccf1df_6.0.19041.1110_none_60b5254171f9507e;C:\Program Files\Java\jdk-17.0.5\bin\server;C:\Program Files\JetBrains\IntelliJ IDEA Community Edition 2022.3.1\bin

VM Arguments:
jvm_args: -javaagent:C:\Program Files\JetBrains\IntelliJ IDEA Community Edition 2022.3.1\lib\idea_rt.jar=56381:C:\Program Files\JetBrains\IntelliJ IDEA Community Edition 2022.3.1\bin -Dfile.encoding=UTF-8 
java_command: com.Alexandre.ApiVendas.ApiVendasApplication
java_class_path (initial): C:\ProjetoAprender\ApiVendas\target\classes;C:\Users\Alexandre\.m2\repository\org\springframework\boot\spring-boot-starter-data-jpa\2.1.1.RELEASE\spring-boot-starter-data-jpa-2.1.1.RELEASE.jar;C:\Users\Alexandre\.m2\repository\org\springframework\boot\spring-boot-starter-aop\2.1.1.RELEASE\spring-boot-starter-aop-2.1.1.RELEASE.jar;C:\Users\Alexandre\.m2\repository\org\springframework\spring-aop\5.1.3.RELEASE\spring-aop-5.1.3.RELEASE.jar;C:\Users\Alexandre\.m2\repository\org\aspectj\aspectjweaver\1.9.2\aspectjweaver-1.9.2.jar;C:\Users\Alexandre\.m2\repository\org\springframework\boot\spring-boot-starter-jdbc\2.1.1.RELEASE\spring-boot-starter-jdbc-2.1.1.RELEASE.jar;C:\Users\Alexandre\.m2\repository\com\zaxxer\HikariCP\3.2.0\HikariCP-3.2.0.jar;C:\Users\Alexandre\.m2\repository\org\springframework\spring-jdbc\5.1.3.RELEASE\spring-jdbc-5.1.3.RELEASE.jar;C:\Users\Alexandre\.m2\repository\javax\transaction\javax.transaction-api\1.3\javax.transaction-api-1.3.jar;C:\Users\Alexandre\.m2\repository\javax\xml\bind\jaxb-api\2.3.1\jaxb-api-2.3.1.jar;C:\Users\Alexandre\.m2\repository\javax\activation\javax.activation-api\1.2.0\javax.activation-api-1.2.0.jar;C:\Users\Alexandre\.m2\repository\org\hibernate\hibernate-core\5.3.7.Final\hibernate-core-5.3.7.Final.jar;C:\Users\Alexandre\.m2\repository\org\jboss\logging\jboss-logging\3.3.2.Final\jboss-logging-3.3.2.Final.jar;C:\Users\Alexandre\.m2\repository\javax\persistence\javax.persistence-api\2.2\javax.persistence-api-2.2.jar;C:\Users\Alexandre\.m2\repository\org\javassist\javassist\3.23.1-GA\javassist-3.23.1-GA.jar;C:\Users\Alexandre\.m2\repository\net\bytebuddy\byte-buddy\1.9.5\byte-buddy-1.9.5.jar;C:\Users\Alexandre\.m2\repository\antlr\antlr\2.7.7\antlr-2.7.7.jar;C:\Users\Alexandre\.m2\repository\org\jboss\jandex\2.0.5.Final\jandex-2.0.5.Final.jar;C:\Users\Alexandre\.m2\repository\com\fasterxml\classmate\1.4.0\classmate-1.4.0.jar;C:\Users\Alexandre\.m2\repository\org\dom4j\dom4j\2.1.1\dom4j-2.1.1.jar;C
Launcher Type: SUN_STANDARD

[Global flags]
     intx CICompilerCount                          = 4                                         {product} {ergonomic}
     uint ConcGCThreads                            = 3                                         {product} {ergonomic}
     uint G1ConcRefinementThreads                  = 10                                        {product} {ergonomic}
   size_t G1HeapRegionSize                         = 2097152                                   {product} {ergonomic}
    uintx GCDrainStackTargetSize                   = 64                                        {product} {ergonomic}
   size_t InitialHeapSize                          = 268435456                                 {product} {ergonomic}
   size_t MarkStackSize                            = 4194304                                   {product} {ergonomic}
   size_t MaxHeapSize                              = 4280287232                                {product} {ergonomic}
   size_t MaxNewSize                               = 2566914048                                {product} {ergonomic}
   size_t MinHeapDeltaBytes                        = 2097152                                   {product} {ergonomic}
   size_t MinHeapSize                              = 8388608                                   {product} {ergonomic}
    uintx NonNMethodCodeHeapSize                   = 5839372                                {pd product} {ergonomic}
    uintx NonProfiledCodeHeapSize                  = 122909434                              {pd product} {ergonomic}
    uintx ProfiledCodeHeapSize                     = 122909434                              {pd product} {ergonomic}
    uintx ReservedCodeCacheSize                    = 251658240                              {pd product} {ergonomic}
     bool SegmentedCodeCache                       = true                                      {product} {ergonomic}
   size_t SoftMaxHeapSize                          = 4280287232                             {manageable} {ergonomic}
     bool UseCompressedClassPointers               = true                           {product lp64_product} {ergonomic}
     bool UseCompressedOops                        = true                           {product lp64_product} {ergonomic}
     bool UseG1GC                                  = true                                      {product} {ergonomic}
     bool UseLargePagesIndividualAllocation        = false                                  {pd product} {ergonomic}

Logging:
Log output configuration:
 #0: stdout all=warning uptime,level,tags
 #1: stderr all=off uptime,level,tags

Environment Variables:
JAVA_HOME=C:\Program Files\Java\jdk-17.0.5
CLASSPATH=.;C:\Program Files\Java\jdk-17.0.5\lib;
PATH=C:\Program Files\Common Files\Oracle\Java\javapath;C:\Program Files\Java\jdk-17.0.5\bin;C:\Windows\system32;C:\Windows;C:\Windows\System32\Wbem;C:\Windows\System32\WindowsPowerShell\v1.0\;C:\Windows\System32\OpenSSH\;C:\Program Files\nodejs\;C:\sql3;C:\Program Files\Docker\Docker\resources\bin;C:\ProgramData\DockerDesktop\version-bin;C:\Program Files\Git\cmd;C:\MinGW\bin;C:\apache-maven-3.9.0\bin;C:\Users\Alexandre\AppData\Local\Programs\Python\Python310\Scripts\;C:\Users\Alexandre\AppData\Local\Programs\Python\Python310\;C:\Users\Alexandre\AppData\Local\Microsoft\WindowsApps;C:\Users\Alexandre\AppData\Local\Programs\Microsoft VS Code\bin;C:\Users\Alexandre\AppData\Roaming\npm;C:\Program Files\heroku\bin;C:\MinGW\bin;
USERNAME=Alexandre
OS=Windows_NT
PROCESSOR_IDENTIFIER=AMD64 Family 23 Model 1 Stepping 1, AuthenticAMD



---------------  S Y S T E M  ---------------

OS:
 Windows 10 , 64 bit Build 19041 (10.0.19041.2546)
OS uptime: 1 days 23:22 hours
Hyper-V role detected

CPU: total 12 (initial active 12) (12 cores per cpu, 2 threads per core) family 23 model 1 stepping 1 microcode 0x0, cx8, cmov, fxsr, ht, mmx, 3dnowpref, sse, sse2, sse3, ssse3, sse4a, sse4.1, sse4.2, popcnt, lzcnt, tsc, tscinvbit, avx, avx2, aes, clmul, bmi1, bmi2, adx, sha, fma, vzeroupper, clflush, clflushopt, hv

Memory: 4k page, system-wide physical 16320M (5724M free)
TotalPageFile size 22976M (AvailPageFile size 7070M)
current process WorkingSet (physical memory assigned to process): 162M, peak: 180M
current process commit charge ("private bytes"): 217M, peak: 428M

vm_info: Java HotSpot(TM) 64-Bit Server VM (17.0.5+9-LTS-191) for windows-amd64 JRE (17.0.5+9-LTS-191), built on Sep 13 2022 17:31:43 by "mach5one" with MS VC++ 16.8 / 16.9 (VS2019)

END.
